17:22:30.792 INFO - Selenium build info: version: '3.9.1', revision: '63f7b50'
17:22:30.793 INFO - Launching a standalone Selenium Server on port 4444
2018-04-27 17:22:30.907:INFO::main: Logging initialized @370ms to org.seleniumhq.jetty9.util.log.StdErrLog
2018-04-27 17:22:31.030:INFO:osjs.Server:main: jetty-9.4.7.v20170914, build timestamp: 2017-11-21T21:27:37Z, git hash: 82b8fb23f757335bb3329d540ce37a2a2615f0a8
2018-04-27 17:22:31.064:WARN:osjs.SecurityHandler:main: ServletContext@o.s.j.s.ServletContextHandler@731a74c{/,null,STARTING} has uncovered http methods for path: /
2018-04-27 17:22:31.071:INFO:osjsh.ContextHandler:main: Started o.s.j.s.ServletContextHandler@731a74c{/,null,AVAILABLE}
2018-04-27 17:22:31.117:INFO:osjs.AbstractConnector:main: Started ServerConnector@3e1083f5{HTTP/1.1,[http/1.1]}{0.0.0.0:4444}
2018-04-27 17:22:31.117:INFO:osjs.Server:main: Started @581ms
17:22:31.117 INFO - Selenium Server is up and running on port 4444
2018-04-27 17:22:31.303:INFO:osjshC.ROOT:qtp606548741-12: org.openqa.selenium.remote.server.WebDriverServlet-61832929: Initialising WebDriverServlet
17:22:31.370 INFO - Found handler: org.openqa.selenium.remote.server.commandhandler.BeginSession@31839894
17:22:31.374 INFO - /session: Executing POST on /session (handler: BeginSession)
17:22:31.465 INFO - Capabilities are: Capabilities {acceptSslCerts: true, browserName: firefox, javascriptEnabled: true, marionette: true, name: Test}
17:22:31.467 INFO - Capabilities {acceptSslCerts: true, browserName: firefox, javascriptEnabled: true, marionette: true, name: Test} matched class org.openqa.selenium.remote.server.ServicedSession$Factory (provider: org.openqa.selenium.firefox.GeckoDriverService)
1524846151509	geckodriver	INFO	Listening on 127.0.0.1:35084
1524846151857	geckodriver::marionette	INFO	Starting browser /Applications/Firefox.app/Contents/MacOS/firefox-bin with args ["-marionette"]
1524846152364	Marionette	INFO	Enabled via --marionette
2018-04-27 17:22:33.252 plugin-container[7062:250963] *** CFMessagePort: bootstrap_register(): failed 1100 (0x44c) 'Permission denied', port = 0x833f, name = 'com.apple.tsm.portname'
See /usr/include/servers/bootstrap_defs.h for the error codes.
1524846153716	Marionette	INFO	Listening on port 59178
17:22:33.859 INFO - Detected dialect: W3C
17:22:33.922 INFO - Found handler: org.openqa.selenium.remote.server.ServicedSession@6f6aed36
17:22:33.922 INFO - Handler thread for session 2f339d8a-38d2-fc4c-9ba4-8ae6cce8b978 (firefox): Executing POST on /session/2f339d8a-38d2-fc4c-9ba4-8ae6cce8b978/url (handler: ServicedSession)
2018-04-27 17:22:34.283 plugin-container[7063:251039] *** CFMessagePort: bootstrap_register(): failed 1100 (0x44c) 'Permission denied', port = 0x7a3f, name = 'com.apple.tsm.portname'
See /usr/include/servers/bootstrap_defs.h for the error codes.
17:22:39.778 INFO - Found handler: org.openqa.selenium.remote.server.ServicedSession@6f6aed36
17:22:39.779 INFO - Handler thread for session 2f339d8a-38d2-fc4c-9ba4-8ae6cce8b978 (firefox): Executing POST on /session/2f339d8a-38d2-fc4c-9ba4-8ae6cce8b978/elements (handler: ServicedSession)
17:22:39.863 INFO - Found handler: org.openqa.selenium.remote.server.ServicedSession@6f6aed36
17:22:39.863 INFO - Handler thread for session 2f339d8a-38d2-fc4c-9ba4-8ae6cce8b978 (firefox): Executing GET on /session/2f339d8a-38d2-fc4c-9ba4-8ae6cce8b978/element/80481c6f-ba2a-e74a-8fca-389bf794eb0d/displayed (handler: ServicedSession)
17:22:39.932 INFO - Found handler: org.openqa.selenium.remote.server.ServicedSession@6f6aed36
17:22:39.932 INFO - Handler thread for session 2f339d8a-38d2-fc4c-9ba4-8ae6cce8b978 (firefox): Executing POST on /session/2f339d8a-38d2-fc4c-9ba4-8ae6cce8b978/element (handler: ServicedSession)
17:22:39.948 INFO - Found handler: org.openqa.selenium.remote.server.ServicedSession@6f6aed36
17:22:39.950 INFO - Handler thread for session 2f339d8a-38d2-fc4c-9ba4-8ae6cce8b978 (firefox): Executing GET on /session/2f339d8a-38d2-fc4c-9ba4-8ae6cce8b978/element/78494ce7-4acb-874b-803c-de94c238779a/text (handler: ServicedSession)
17:22:39.980 INFO - Found handler: org.openqa.selenium.remote.server.ServicedSession@6f6aed36
17:22:39.980 INFO - Handler thread for session 2f339d8a-38d2-fc4c-9ba4-8ae6cce8b978 (firefox): Executing POST on /session/2f339d8a-38d2-fc4c-9ba4-8ae6cce8b978/element (handler: ServicedSession)
17:22:39.993 INFO - Found handler: org.openqa.selenium.remote.server.ServicedSession@6f6aed36
17:22:39.993 INFO - Handler thread for session 2f339d8a-38d2-fc4c-9ba4-8ae6cce8b978 (firefox): Executing GET on /session/2f339d8a-38d2-fc4c-9ba4-8ae6cce8b978/element/7ed9ba7b-e33d-024f-ba94-90e771a6961e/text (handler: ServicedSession)
17:22:40.010 INFO - Found handler: org.openqa.selenium.remote.server.ServicedSession@6f6aed36
17:22:40.010 INFO - Handler thread for session 2f339d8a-38d2-fc4c-9ba4-8ae6cce8b978 (firefox): Executing POST on /session/2f339d8a-38d2-fc4c-9ba4-8ae6cce8b978/element (handler: ServicedSession)
17:22:40.022 INFO - Found handler: org.openqa.selenium.remote.server.ServicedSession@6f6aed36
17:22:40.023 INFO - Handler thread for session 2f339d8a-38d2-fc4c-9ba4-8ae6cce8b978 (firefox): Executing GET on /session/2f339d8a-38d2-fc4c-9ba4-8ae6cce8b978/element/7ed9ba7b-e33d-024f-ba94-90e771a6961e/attribute/href (handler: ServicedSession)
17:22:40.042 INFO - Found handler: org.openqa.selenium.remote.server.ServicedSession@6f6aed36
17:22:40.042 INFO - Handler thread for session 2f339d8a-38d2-fc4c-9ba4-8ae6cce8b978 (firefox): Executing DELETE on /session/2f339d8a-38d2-fc4c-9ba4-8ae6cce8b978 (handler: ServicedSession)
17:22:40.198 INFO - Removing session org.openqa.selenium.remote.server.ServicedSession@6f6aed36
